Determining if the pthread_create exist failed with the following output:
Change Dir: /home/patrick/catkin_ws/build/CMakeFiles/CMakeTmp

Run Build Command:"/usr/bin/make" "cmTC_4a960/fast"
/usr/bin/make -f CMakeFiles/cmTC_4a960.dir/build.make CMakeFiles/cmTC_4a960.dir/build
make[1]: Entering directory '/home/patrick/catkin_ws/build/CMakeFiles/CMakeTmp'
Building C object CMakeFiles/cmTC_4a960.dir/CheckSymbolExists.c.o
/usr/bin/cc    -o CMakeFiles/cmTC_4a960.dir/CheckSymbolExists.c.o   -c /home/patrick/catkin_ws/build/CMakeFiles/CMakeTmp/CheckSymbolExists.c
Linking C executable cmTC_4a960
/usr/bin/cmake -E cmake_link_script CMakeFiles/cmTC_4a960.dir/link.txt --verbose=1
/usr/bin/cc      -rdynamic CMakeFiles/cmTC_4a960.dir/CheckSymbolExists.c.o  -o cmTC_4a960 
CMakeFiles/cmTC_4a960.dir/CheckSymbolExists.c.o: In function `main':
CheckSymbolExists.c:(.text+0x1b): undefined reference to `pthread_create'
collect2: error: ld returned 1 exit status
CMakeFiles/cmTC_4a960.dir/build.make:97: recipe for target 'cmTC_4a960' failed
make[1]: *** [cmTC_4a960] Error 1
make[1]: Leaving directory '/home/patrick/catkin_ws/build/CMakeFiles/CMakeTmp'
Makefile:126: recipe for target 'cmTC_4a960/fast' failed
make: *** [cmTC_4a960/fast] Error 2

File /home/patrick/catkin_ws/build/CMakeFiles/CMakeTmp/CheckSymbolExists.c:
/* */
#include <pthread.h>

int main(int argc, char** argv)
{
  (void)argv;
#ifndef pthread_create
  return ((int*)(&pthread_create))[argc];
#else
  (void)argc;
  return 0;
#endif
}

Determining if the function pthread_create exists in the pthreads failed with the following output:
Change Dir: /home/patrick/catkin_ws/build/CMakeFiles/CMakeTmp

Run Build Command:"/usr/bin/make" "cmTC_1d29f/fast"
/usr/bin/make -f CMakeFiles/cmTC_1d29f.dir/build.make CMakeFiles/cmTC_1d29f.dir/build
make[1]: Entering directory '/home/patrick/catkin_ws/build/CMakeFiles/CMakeTmp'
Building C object CMakeFiles/cmTC_1d29f.dir/CheckFunctionExists.c.o
/usr/bin/cc   -DCHECK_FUNCTION_EXISTS=pthread_create   -o CMakeFiles/cmTC_1d29f.dir/CheckFunctionExists.c.o   -c /usr/share/cmake-3.10/Modules/CheckFunctionExists.c
Linking C executable cmTC_1d29f
/usr/bin/cmake -E cmake_link_script CMakeFiles/cmTC_1d29f.dir/link.txt --verbose=1
/usr/bin/cc  -DCHECK_FUNCTION_EXISTS=pthread_create    -rdynamic CMakeFiles/cmTC_1d29f.dir/CheckFunctionExists.c.o  -o cmTC_1d29f -lpthreads 
/usr/bin/ld: cannot find -lpthreads
collect2: error: ld returned 1 exit status
CMakeFiles/cmTC_1d29f.dir/build.make:97: recipe for target 'cmTC_1d29f' failed
make[1]: *** [cmTC_1d29f] Error 1
make[1]: Leaving directory '/home/patrick/catkin_ws/build/CMakeFiles/CMakeTmp'
Makefile:126: recipe for target 'cmTC_1d29f/fast' failed
make: *** [cmTC_1d29f/fast] Error 2


